<?xml version="1.0" encoding="UTF-8"?>
<testsuite xmlns:xsi="http://www.w3.org/2001/XMLSchema-instance" xsi:noNamespaceSchemaLocation="https://maven.apache.org/surefire/maven-surefire-plugin/xsd/surefire-test-report.xsd" name="com.mp.RetrieveTest" time="0.552" tests="26" errors="1" skipped="0" failures="0">
  <properties>
[...]
</properties>
  <testcase name="selectById" classname="com.mp.RetrieveTest" time="0.024"/>
  <testcase name="testCondition" classname="com.mp.RetrieveTest" time="0.024"/>
  <testcase name="selectByWrapperMaps" classname="com.mp.RetrieveTest" time="0.02"/>
  <testcase name="selectByWrapperObjs" classname="com.mp.RetrieveTest" time="0.007"/>
  <testcase name="selectByIds" classname="com.mp.RetrieveTest" time="0.009"/>
  <testcase name="selectByMap" classname="com.mp.RetrieveTest" time="0.009"/>
  <testcase name="selectByOne" classname="com.mp.RetrieveTest" time="0.008"/>
  <testcase name="selectByWrapperSupper2" classname="com.mp.RetrieveTest" time="0.013"/>
  <testcase name="selectLambda2" classname="com.mp.RetrieveTest" time="0.012"/>
  <testcase name="selectLambda3" classname="com.mp.RetrieveTest" time="0.007"/>
  <testcase name="selectByWrapper2" classname="com.mp.RetrieveTest" time="0.01"/>
  <testcase name="selectByWrapper3" classname="com.mp.RetrieveTest" time="0.011"/>
  <testcase name="selectByWrapper4" classname="com.mp.RetrieveTest" time="0.008"/>
  <testcase name="selectByWrapper5" classname="com.mp.RetrieveTest" time="0.009"/>
  <testcase name="selectByWrapper6" classname="com.mp.RetrieveTest" time="0.016"/>
  <testcase name="selectByWrapper7" classname="com.mp.RetrieveTest" time="0.009"/>
  <testcase name="selectByWrapper8" classname="com.mp.RetrieveTest" time="0.007"/>
  <testcase name="selectByWrapper9" classname="com.mp.RetrieveTest" time="0.012"/>
  <testcase name="selectByCount" classname="com.mp.RetrieveTest" time="0.006"/>
  <testcase name="selectMy" classname="com.mp.RetrieveTest" time="0.007">
    <error message="Invalid bound statement (not found): com.mp.dao.UserMapper.selectAll" type="org.apache.ibatis.binding.BindingException">org.apache.ibatis.binding.BindingException: Invalid bound statement (not found): com.mp.dao.UserMapper.selectAll
	at com.mp.RetrieveTest.selectMy(RetrieveTest.java:315)
</error>
    <system-out><![CDATA[DEBUGRetrieved @ProfileValueSourceConfiguration [null] for test class [com.mp.RetrieveTest]
DEBUGRetrieved ProfileValueSource type [class org.springframework.test.annotation.SystemProfileValueSource] for class [com.mp.RetrieveTest]
TRACEprepareTestInstance(): instance [com.mp.RetrieveTest@6e1d4137]
DEBUGPerforming dependency injection for test context [[DefaultTestContext@393881f0 testClass = RetrieveTest, testInstance = com.mp.RetrieveTest@6e1d4137, testMethod = [null], testException = [null], mergedContextConfiguration = [MergedContextConfiguration@4af46df3 testClass = RetrieveTest, locations = '{}', classes = '{class com.mp.Application}', contextInitializerClasses = '[]', activeProfiles = '{}', propertySourceLocations = '{}', propertySourceProperties = '{org.springframework.boot.test.context.SpringBootTestContextBootstrapper=true}', contextCustomizers = set[org.springframework.boot.test.context.filter.ExcludeFilterContextCustomizer@7ce6a65d, org.springframework.boot.test.json.DuplicateJsonObjectContextCustomizerFactory$DuplicateJsonObjectContextCustomizer@29b5cd00, org.springframework.boot.test.mock.mockito.MockitoContextCustomizer@0, org.springframework.boot.test.web.client.TestRestTemplateContextCustomizer@4d3167f4], contextLoader = 'org.springframework.boot.test.context.SpringBootContextLoader', parent = [null]], attributes = map[[empty]]]].
DEBUGRetrieved ApplicationContext from cache with key [[MergedContextConfiguration@4af46df3 testClass = RetrieveTest, locations = '{}', classes = '{class com.mp.Application}', contextInitializerClasses = '[]', activeProfiles = '{}', propertySourceLocations = '{}', propertySourceProperties = '{org.springframework.boot.test.context.SpringBootTestContextBootstrapper=true}', contextCustomizers = set[org.springframework.boot.test.context.filter.ExcludeFilterContextCustomizer@7ce6a65d, org.springframework.boot.test.json.DuplicateJsonObjectContextCustomizerFactory$DuplicateJsonObjectContextCustomizer@29b5cd00, org.springframework.boot.test.mock.mockito.MockitoContextCustomizer@0, org.springframework.boot.test.web.client.TestRestTemplateContextCustomizer@4d3167f4], contextLoader = 'org.springframework.boot.test.context.SpringBootContextLoader', parent = [null]]]
DEBUGSpring test ApplicationContext cache statistics: [DefaultContextCache@ec50f54 size = 1, maxSize = 32, parentContextCount = 0, hitCount = 20, missCount = 1]
TRACEProcessing injected element of bean 'com.mp.RetrieveTest': AutowiredFieldElement for private com.mp.dao.UserMapper com.mp.RetrieveTest.userMapper
TRACEReturning cached instance of singleton bean 'userMapper'
TRACEbeforeTestMethod(): instance [com.mp.RetrieveTest@6e1d4137], method [public void com.mp.RetrieveTest.selectMy()]
DEBUGBefore test method: context [DefaultTestContext@393881f0 testClass = RetrieveTest, testInstance = com.mp.RetrieveTest@6e1d4137, testMethod = selectMy@RetrieveTest, testException = [null], mergedContextConfiguration = [MergedContextConfiguration@4af46df3 testClass = RetrieveTest, locations = '{}', classes = '{class com.mp.Application}', contextInitializerClasses = '[]', activeProfiles = '{}', propertySourceLocations = '{}', propertySourceProperties = '{org.springframework.boot.test.context.SpringBootTestContextBootstrapper=true}', contextCustomizers = set[org.springframework.boot.test.context.filter.ExcludeFilterContextCustomizer@7ce6a65d, org.springframework.boot.test.json.DuplicateJsonObjectContextCustomizerFactory$DuplicateJsonObjectContextCustomizer@29b5cd00, org.springframework.boot.test.mock.mockito.MockitoContextCustomizer@0, org.springframework.boot.test.web.client.TestRestTemplateContextCustomizer@4d3167f4], contextLoader = 'org.springframework.boot.test.context.SpringBootContextLoader', parent = [null]], attributes = map[[empty]]], class annotated with @DirtiesContext [false] with mode [null], method annotated with @DirtiesContext [false] with mode [null].
TRACEbeforeTestExecution(): instance [com.mp.RetrieveTest@6e1d4137], method [public void com.mp.RetrieveTest.selectMy()]
TRACEafterTestExecution(): instance [com.mp.RetrieveTest@6e1d4137], method [public void com.mp.RetrieveTest.selectMy()], exception [org.apache.ibatis.binding.BindingException: Invalid bound statement (not found): com.mp.dao.UserMapper.selectAll]
TRACEafterTestMethod(): instance [com.mp.RetrieveTest@6e1d4137], method [public void com.mp.RetrieveTest.selectMy()], exception [org.apache.ibatis.binding.BindingException: Invalid bound statement (not found): com.mp.dao.UserMapper.selectAll]
DEBUGAfter test method: context [DefaultTestContext@393881f0 testClass = RetrieveTest, testInstance = com.mp.RetrieveTest@6e1d4137, testMethod = selectMy@RetrieveTest, testException = org.apache.ibatis.binding.BindingException: Invalid bound statement (not found): com.mp.dao.UserMapper.selectAll, mergedContextConfiguration = [MergedContextConfiguration@4af46df3 testClass = RetrieveTest, locations = '{}', classes = '{class com.mp.Application}', contextInitializerClasses = '[]', activeProfiles = '{}', propertySourceLocations = '{}', propertySourceProperties = '{org.springframework.boot.test.context.SpringBootTestContextBootstrapper=true}', contextCustomizers = set[org.springframework.boot.test.context.filter.ExcludeFilterContextCustomizer@7ce6a65d, org.springframework.boot.test.json.DuplicateJsonObjectContextCustomizerFactory$DuplicateJsonObjectContextCustomizer@29b5cd00, org.springframework.boot.test.mock.mockito.MockitoContextCustomizer@0, org.springframework.boot.test.web.client.TestRestTemplateContextCustomizer@4d3167f4], contextLoader = 'org.springframework.boot.test.context.SpringBootContextLoader', parent = [null]], attributes = map[[empty]]], class annotated with @DirtiesContext [false] with mode [null], method annotated with @DirtiesContext [false] with mode [null].
]]></system-out>
  </testcase>
  <testcase name="selectByWrapperAllEq" classname="com.mp.RetrieveTest" time="0.018"/>
  <testcase name="selectByWrapperMaps2" classname="com.mp.RetrieveTest" time="0.008"/>
  <testcase name="selectByWrapperEntity" classname="com.mp.RetrieveTest" time="0.007"/>
  <testcase name="selectLambda" classname="com.mp.RetrieveTest" time="0.008"/>
  <testcase name="selectByWrapperSupper" classname="com.mp.RetrieveTest" time="0.008"/>
  <testcase name="selectByWrapper" classname="com.mp.RetrieveTest" time="0.008"/>
</testsuite>